<?xml version="1.0" encoding="UTF-8"?>
<testsuite name="SQA-C39 Pagina de Ciclas" tests="1" skipped="0" failures="0" errors="0" timestamp="2021-06-02T18:06:02" hostname="DESKTOP-K67MERB" time="318.322">
  <properties/>
  <testcase name="Buscar bicicletas en el buscador de bikesonline exitoso" classname="SQA-C39 Pagina de Ciclas" time="318.322"/>
  <system-out><![CDATA[]]></system-out>
  <system-err><![CDATA[1622657167908	geckodriver	INFO	Listening on 127.0.0.1:23892
1622657169712	mozrunner::runner	INFO	Running command: "C:\\Program Files\\Firefox Developer Edition\\firefox.exe" "--marionette" "-foreground" "-no-remote" "-profile" "C:\\Users\\megat\\AppData\\Local\\Temp\\rust_mozprofileUNhJaG"
1622657173168	Marionette	INFO	Marionette enabled
console.warn: SearchSettings: "get: No settings file exists, new profile?" (new NotFoundError("Could not open the file at C:\\Users\\megat\\AppData\\Local\\Temp\\rust_mozprofileUNhJaG\\search.json.mozlz4", (void 0)))
1622657184125	Marionette	INFO	Listening on port 61348
1622657184624	Marionette	WARN	TLS certificate errors will be ignored for this session
jun 02, 2021 1:06:24 PM org.openqa.selenium.remote.ProtocolHandshake createSession
INFORMACIÓN: Detected dialect: W3C
JavaScript warning: https://assetscdn-wchat.freshchat.com/static/assets/vendor-ae9740fdbeced57623cdffc937fa59b3.js, line 6905: unreachable code after return statement
[Child 6652, MediaDecoderStateMachine #1] WARNING: 1f4d1f9ac80 Could not set cubeb stream name.: file /builds/worker/checkouts/gecko/dom/media/AudioStream.cpp:367
1622657236390	Marionette	WARN	TimedPromise timed out after 500 ms: stacktrace:
TimedPromise/<@chrome://marionette/content/sync.js:237:19
TimedPromise@chrome://marionette/content/sync.js:222:10
interaction.flushEventLoop@chrome://marionette/content/interaction.js:431:10
webdriverClickElement@chrome://marionette/content/interaction.js:179:31
JavaScript warning: https://assetscdn-wchat.freshchat.com/static/assets/vendor-ae9740fdbeced57623cdffc937fa59b3.js, line 6905: unreachable code after return statement
1622657251018	Marionette	WARN	TimedPromise timed out after 500 ms: stacktrace:
TimedPromise/<@chrome://marionette/content/sync.js:237:19
TimedPromise@chrome://marionette/content/sync.js:222:10
interaction.flushEventLoop@chrome://marionette/content/interaction.js:431:10
webdriverClickElement@chrome://marionette/content/interaction.js:179:31
JavaScript error: resource://gre/modules/XULStore.jsm, line 66: Error: Can't find profile directory.
JavaScript error: resource://gre/modules/XULStore.jsm, line 66: Error: Can't find profile directory.
JavaScript warning: https://assetscdn-wchat.freshchat.com/static/assets/vendor-ae9740fdbeced57623cdffc937fa59b3.js, line 6905: unreachable code after return statement
[Child 6652, MediaDecoderStateMachine #1] WARNING: 1f4cf3bfd60 Could not set cubeb stream name.: file /builds/worker/checkouts/gecko/dom/media/AudioStream.cpp:367
JavaScript warning: https://assetscdn-wchat.freshchat.com/static/assets/vendor-ae9740fdbeced57623cdffc937fa59b3.js, line 6905: unreachable code after return statement
1622657297153	Marionette	WARN	TimedPromise timed out after 500 ms: stacktrace:
TimedPromise/<@chrome://marionette/content/sync.js:237:19
TimedPromise@chrome://marionette/content/sync.js:222:10
interaction.flushEventLoop@chrome://marionette/content/interaction.js:431:10
webdriverClickElement@chrome://marionette/content/interaction.js:179:31
[Child 6652, MediaDecoderStateMachine #1] WARNING: 1f4d86912e0 Could not set cubeb stream name.: file /builds/worker/checkouts/gecko/dom/media/AudioStream.cpp:367
JavaScript warning: https://assetscdn-wchat.freshchat.com/static/assets/vendor-ae9740fdbeced57623cdffc937fa59b3.js, line 6905: unreachable code after return statement
[Child 6652, MediaDecoderStateMachine #1] WARNING: 1f4d04fcc80 Could not set cubeb stream name.: file /builds/worker/checkouts/gecko/dom/media/AudioStream.cpp:367
JavaScript error: https://www.bikesonline.com/2021-polygon-siskiu-d7-dual-suspension-mountain-bi, line 1: ReferenceError: bo_showImg is not defined
[Child 6652, MediaDecoderStateMachine #1] WARNING: 1f4cc627660 Could not set cubeb stream name.: file /builds/worker/checkouts/gecko/dom/media/AudioStream.cpp:367
1622657334295	Marionette	WARN	TimedPromise timed out after 500 ms: stacktrace:
TimedPromise/<@chrome://marionette/content/sync.js:237:19
TimedPromise@chrome://marionette/content/sync.js:222:10
interaction.flushEventLoop@chrome://marionette/content/interaction.js:431:10
webdriverClickElement@chrome://marionette/content/interaction.js:179:31
[Child 6652, MediaDecoderStateMachine #1] WARNING: 1f4cbe6f820 Could not set cubeb stream name.: file /builds/worker/checkouts/gecko/dom/media/AudioStream.cpp:367
[Child 6652, MediaDecoderStateMachine #1] WARNING: 1f4d8c0d900 Could not set cubeb stream name.: file /builds/worker/checkouts/gecko/dom/media/AudioStream.cpp:367
JavaScript error: https://assetscdn-wchat.freshchat.com/static/assets/fc_web_widget-de4e5dce36e7ac1cc57712f6a3cb315e.js, line 934: TypeError: can't access property "length", t is undefined
JavaScript error: https://www.bikesonline.com/2021-polygon-cascade-3-red-27.5-inch-mountain-bike, line 1: ReferenceError: bo_showImg is not defined
[Child 6652, MediaDecoderStateMachine #1] WARNING: 1f4d1220900 Could not set cubeb stream name.: file /builds/worker/checkouts/gecko/dom/media/AudioStream.cpp:367
1622657382570	Marionette	WARN	TimedPromise timed out after 500 ms: stacktrace:
TimedPromise/<@chrome://marionette/content/sync.js:237:19
TimedPromise@chrome://marionette/content/sync.js:222:10
interaction.flushEventLoop@chrome://marionette/content/interaction.js:431:10
webdriverClickElement@chrome://marionette/content/interaction.js:179:31
[Child 6652, MediaDecoderStateMachine #1] WARNING: 1f4d29df4a0 Could not set cubeb stream name.: file /builds/worker/checkouts/gecko/dom/media/AudioStream.cpp:367
1622657398817	Marionette	WARN	TimedPromise timed out after 500 ms: stacktrace:
TimedPromise/<@chrome://marionette/content/sync.js:237:19
TimedPromise@chrome://marionette/content/sync.js:222:10
interaction.flushEventLoop@chrome://marionette/content/interaction.js:431:10
webdriverClickElement@chrome://marionette/content/interaction.js:179:31
JavaScript error: https://www.bikesonline.com/2021-polygon-trid-zz-slopestyle-dirt-jump-bike, line 1: ReferenceError: bo_showImg is not defined
[Child 6652, MediaDecoderStateMachine #1] WARNING: 1f4cbe91900 Could not set cubeb stream name.: file /builds/worker/checkouts/gecko/dom/media/AudioStream.cpp:367
1622657431316	Marionette	WARN	TimedPromise timed out after 500 ms: stacktrace:
TimedPromise/<@chrome://marionette/content/sync.js:237:19
TimedPromise@chrome://marionette/content/sync.js:222:10
interaction.flushEventLoop@chrome://marionette/content/interaction.js:431:10
webdriverClickElement@chrome://marionette/content/interaction.js:179:31
[Child 6652, MediaDecoderStateMachine #1] WARNING: 1f4de339e40 Could not set cubeb stream name.: file /builds/worker/checkouts/gecko/dom/media/AudioStream.cpp:367
1622657442850	Marionette	WARN	TimedPromise timed out after 500 ms: stacktrace:
TimedPromise/<@chrome://marionette/content/sync.js:237:19
TimedPromise@chrome://marionette/content/sync.js:222:10
interaction.flushEventLoop@chrome://marionette/content/interaction.js:431:10
webdriverClickElement@chrome://marionette/content/interaction.js:179:31
1622657457350	Marionette	WARN	TimedPromise timed out after 500 ms: stacktrace:
TimedPromise/<@chrome://marionette/content/sync.js:237:19
TimedPromise@chrome://marionette/content/sync.js:222:10
interaction.flushEventLoop@chrome://marionette/content/interaction.js:431:10
webdriverClickElement@chrome://marionette/content/interaction.js:179:31
[Child 6652, MediaDecoderStateMachine #1] WARNING: 1f4d3e1c200 Could not set cubeb stream name.: file /builds/worker/checkouts/gecko/dom/media/AudioStream.cpp:367
JavaScript error: https://www.bikesonline.com/2021-polygon-heist-x2, line 1: ReferenceError: bo_showImg is not defined
[Child 6652, MediaDecoderStateMachine #1] WARNING: 1f4d04b3120 Could not set cubeb stream name.: file /builds/worker/checkouts/gecko/dom/media/AudioStream.cpp:367
1622657475130	Marionette	WARN	TimedPromise timed out after 500 ms: stacktrace:
TimedPromise/<@chrome://marionette/content/sync.js:237:19
TimedPromise@chrome://marionette/content/sync.js:222:10
interaction.flushEventLoop@chrome://marionette/content/interaction.js:431:10
webdriverClickElement@chrome://marionette/content/interaction.js:179:31
]]></system-err>
</testsuite>
